14:27:22.746 [main] INFO  com.read.api.ApiApplication - Starting ApiApplication on Mac-mini-de-Alejandro.local with PID 2490 (/Users/alejandroortiz/Documents/Development/KS/Capacitacion/apiReadLayouts/target/classes started by alejandroortiz in /Users/alejandroortiz/Documents/Development/KS/Capacitacion/apiReadLayouts)
14:27:22.777 [main] INFO  com.read.api.ApiApplication - No active profile set, falling back to default profiles: default
14:27:25.880 [main] INFO  org.springframework.boot.web.embedded.tomcat.TomcatWebServer - Tomcat initialized with port(s): 8080 (http)
14:27:25.911 [main] INFO  org.apache.coyote.http11.Http11NioProtocol - Initializing ProtocolHandler ["http-nio-8080"]
14:27:25.912 [main] INFO  org.apache.catalina.core.StandardService - Starting service [Tomcat]
14:27:25.913 [main] INFO  org.apache.catalina.core.StandardEngine - Starting Servlet engine: [Apache Tomcat/9.0.35]
14:27:26.070 [main] INFO  org.apache.catalina.core.ContainerBase.[Tomcat].[localhost].[/] - Initializing Spring embedded WebApplicationContext
14:27:26.071 [main] INFO  org.springframework.web.context.ContextLoader - Root WebApplicationContext: initialization completed in 3189 ms
14:27:26.346 [main] INFO  App - Configuracion cargada
14:27:26.381 [main] INFO  org.quartz.impl.StdSchedulerFactory - Using default implementation for ThreadExecutor
14:27:26.384 [main] INFO  org.quartz.simpl.SimpleThreadPool - Job execution threads will use class loader of thread: main
14:27:26.397 [main] INFO  org.quartz.core.SchedulerSignalerImpl - Initialized Scheduler Signaller of type: class org.quartz.core.SchedulerSignalerImpl
14:27:26.397 [main] INFO  org.quartz.core.QuartzScheduler - Quartz Scheduler v.2.3.2 created.
14:27:26.398 [main] INFO  org.quartz.simpl.RAMJobStore - RAMJobStore initialized.
14:27:26.399 [main] INFO  org.quartz.core.QuartzScheduler - Scheduler meta-data: Quartz Scheduler (v2.3.2) 'DefaultQuartzScheduler' with instanceId 'NON_CLUSTERED'
  Scheduler class: 'org.quartz.core.QuartzScheduler' - running locally.
  NOT STARTED.
  Currently in standby mode.
  Number of jobs executed: 0
  Using thread pool 'org.quartz.simpl.SimpleThreadPool' - with 10 threads.
  Using job-store 'org.quartz.simpl.RAMJobStore' - which does not support persistence. and is not clustered.

14:27:26.400 [main] INFO  org.quartz.impl.StdSchedulerFactory - Quartz scheduler 'DefaultQuartzScheduler' initialized from default resource file in Quartz package: 'quartz.properties'
14:27:26.400 [main] INFO  org.quartz.impl.StdSchedulerFactory - Quartz scheduler version: 2.3.2
14:27:26.405 [main] INFO  org.quartz.core.QuartzScheduler - Scheduler DefaultQuartzScheduler_$_NON_CLUSTERED started.
14:27:26.405 [main] INFO  com.read.app.repository.FiltersRepositoryImp - Tarea programada de lectura de layouts iniciada
14:27:26.800 [main] INFO  org.springframework.scheduling.concurrent.ThreadPoolTaskExecutor - Initializing ExecutorService 'applicationTaskExecutor'
14:27:27.141 [main] INFO  org.apache.coyote.http11.Http11NioProtocol - Starting ProtocolHandler ["http-nio-8080"]
14:27:27.193 [main] INFO  org.springframework.boot.web.embedded.tomcat.TomcatWebServer - Tomcat started on port(s): 8080 (http) with context path ''
14:27:27.215 [main] INFO  com.read.api.ApiApplication - Started ApiApplication in 5.561 seconds (JVM running for 12.417)
14:30:16.625 [http-nio-8080-exec-1] INFO  org.apache.catalina.core.ContainerBase.[Tomcat].[localhost].[/] - Initializing Spring DispatcherServlet 'dispatcherServlet'
14:30:16.638 [http-nio-8080-exec-1] INFO  org.springframework.web.servlet.DispatcherServlet - Initializing Servlet 'dispatcherServlet'
14:30:16.688 [http-nio-8080-exec-1] INFO  org.springframework.web.servlet.DispatcherServlet - Completed initialization in 49 ms
